[2017-04-30T01:09:24,926][WARN ][o.e.d.i.m.StringFieldMapper$TypeParser] The [string] field is deprecated, please use [text] or [keyword] instead on [pType]
[2017-04-30T01:09:24,962][WARN ][o.e.d.i.m.StringFieldMapper$TypeParser] The [string] field is deprecated, please use [text] or [keyword] instead on [projectTitle]
[2017-04-30T01:09:24,966][WARN ][o.e.d.i.m.StringFieldMapper$TypeParser] The [string] field is deprecated, please use [text] or [keyword] instead on [projectSubject]
[2017-04-30T01:09:24,966][WARN ][o.e.d.i.m.StringFieldMapper$TypeParser] The [string] field is deprecated, please use [text] or [keyword] instead on [tech]
[2017-04-30T01:09:25,194][WARN ][o.e.d.i.m.StringFieldMapper$TypeParser] The [string] field is deprecated, please use [text] or [keyword] instead on [pType]
[2017-04-30T01:09:25,194][WARN ][o.e.d.i.m.StringFieldMapper$TypeParser] The [string] field is deprecated, please use [text] or [keyword] instead on [projectTitle]
[2017-04-30T01:09:25,194][WARN ][o.e.d.i.m.StringFieldMapper$TypeParser] The [string] field is deprecated, please use [text] or [keyword] instead on [projectSubject]
[2017-04-30T01:09:25,198][WARN ][o.e.d.i.m.StringFieldMapper$TypeParser] The [string] field is deprecated, please use [text] or [keyword] instead on [tech]
[2017-04-30T01:12:39,274][WARN ][o.e.d.i.m.StringFieldMapper$TypeParser] The [string] field is deprecated, please use [text] or [keyword] instead on [pType]
[2017-04-30T01:12:39,274][WARN ][o.e.d.i.m.StringFieldMapper$TypeParser] The [string] field is deprecated, please use [text] or [keyword] instead on [projectTitle]
[2017-04-30T01:12:39,274][WARN ][o.e.d.i.m.StringFieldMapper$TypeParser] The [string] field is deprecated, please use [text] or [keyword] instead on [projectSubject]
[2017-04-30T01:12:39,274][WARN ][o.e.d.i.m.StringFieldMapper$TypeParser] The [string] field is deprecated, please use [text] or [keyword] instead on [tech]
[2017-04-30T01:12:39,274][WARN ][o.e.d.i.m.StringFieldMapper$TypeParser] The [string] field is deprecated, please use [text] or [keyword] instead on [pType]
[2017-04-30T01:12:39,274][WARN ][o.e.d.i.m.StringFieldMapper$TypeParser] The [string] field is deprecated, please use [text] or [keyword] instead on [projectTitle]
[2017-04-30T01:12:39,274][WARN ][o.e.d.i.m.StringFieldMapper$TypeParser] The [string] field is deprecated, please use [text] or [keyword] instead on [projectSubject]
[2017-04-30T01:12:39,274][WARN ][o.e.d.i.m.StringFieldMapper$TypeParser] The [string] field is deprecated, please use [text] or [keyword] instead on [tech]
[2017-04-30T01:17:36,067][WARN ][o.e.d.i.m.StringFieldMapper$TypeParser] The [string] field is deprecated, please use [text] or [keyword] instead on [pType]
[2017-04-30T01:17:36,068][WARN ][o.e.d.i.m.StringFieldMapper$TypeParser] The [string] field is deprecated, please use [text] or [keyword] instead on [projectTitle]
[2017-04-30T01:17:36,068][WARN ][o.e.d.i.m.StringFieldMapper$TypeParser] The [string] field is deprecated, please use [text] or [keyword] instead on [projectSubject]
[2017-04-30T01:17:36,068][WARN ][o.e.d.i.m.StringFieldMapper$TypeParser] The [string] field is deprecated, please use [text] or [keyword] instead on [tech]
[2017-04-30T01:17:36,071][WARN ][o.e.d.i.m.StringFieldMapper$TypeParser] The [string] field is deprecated, please use [text] or [keyword] instead on [pType]
[2017-04-30T01:17:36,072][WARN ][o.e.d.i.m.StringFieldMapper$TypeParser] The [string] field is deprecated, please use [text] or [keyword] instead on [projectTitle]
[2017-04-30T01:17:36,072][WARN ][o.e.d.i.m.StringFieldMapper$TypeParser] The [string] field is deprecated, please use [text] or [keyword] instead on [projectSubject]
[2017-04-30T01:17:36,072][WARN ][o.e.d.i.m.StringFieldMapper$TypeParser] The [string] field is deprecated, please use [text] or [keyword] instead on [tech]
[2017-04-30T01:23:36,572][WARN ][o.e.d.i.m.StringFieldMapper$TypeParser] The [string] field is deprecated, please use [text] or [keyword] instead on [pType]
[2017-04-30T01:23:36,572][WARN ][o.e.d.i.m.StringFieldMapper$TypeParser] The [string] field is deprecated, please use [text] or [keyword] instead on [projectTitle]
[2017-04-30T01:23:36,572][WARN ][o.e.d.i.m.StringFieldMapper$TypeParser] The [string] field is deprecated, please use [text] or [keyword] instead on [projectSubject]
[2017-04-30T01:23:36,572][WARN ][o.e.d.i.m.StringFieldMapper$TypeParser] The [string] field is deprecated, please use [text] or [keyword] instead on [tech]
[2017-04-30T01:23:36,572][WARN ][o.e.d.i.m.StringFieldMapper$TypeParser] The [string] field is deprecated, please use [text] or [keyword] instead on [pType]
[2017-04-30T01:23:36,572][WARN ][o.e.d.i.m.StringFieldMapper$TypeParser] The [string] field is deprecated, please use [text] or [keyword] instead on [projectTitle]
[2017-04-30T01:23:36,572][WARN ][o.e.d.i.m.StringFieldMapper$TypeParser] The [string] field is deprecated, please use [text] or [keyword] instead on [projectSubject]
[2017-04-30T01:23:36,572][WARN ][o.e.d.i.m.StringFieldMapper$TypeParser] The [string] field is deprecated, please use [text] or [keyword] instead on [tech]
[2017-04-30T01:24:29,476][WARN ][o.e.d.i.m.StringFieldMapper$TypeParser] The [string] field is deprecated, please use [text] or [keyword] instead on [pType]
[2017-04-30T01:24:29,477][WARN ][o.e.d.i.m.StringFieldMapper$TypeParser] The [string] field is deprecated, please use [text] or [keyword] instead on [projectTitle]
[2017-04-30T01:24:29,477][WARN ][o.e.d.i.m.StringFieldMapper$TypeParser] The [string] field is deprecated, please use [text] or [keyword] instead on [projectSubject]
[2017-04-30T01:24:29,478][WARN ][o.e.d.i.m.StringFieldMapper$TypeParser] The [string] field is deprecated, please use [text] or [keyword] instead on [tech]
[2017-04-30T01:24:29,480][WARN ][o.e.d.i.m.StringFieldMapper$TypeParser] The [string] field is deprecated, please use [text] or [keyword] instead on [pType]
[2017-04-30T01:24:29,480][WARN ][o.e.d.i.m.StringFieldMapper$TypeParser] The [string] field is deprecated, please use [text] or [keyword] instead on [projectTitle]
[2017-04-30T01:24:29,480][WARN ][o.e.d.i.m.StringFieldMapper$TypeParser] The [string] field is deprecated, please use [text] or [keyword] instead on [projectSubject]
[2017-04-30T01:24:29,481][WARN ][o.e.d.i.m.StringFieldMapper$TypeParser] The [string] field is deprecated, please use [text] or [keyword] instead on [tech]
[2017-04-30T01:25:35,138][WARN ][o.e.d.i.m.StringFieldMapper$TypeParser] The [string] field is deprecated, please use [text] or [keyword] instead on [pType]
[2017-04-30T01:25:35,139][WARN ][o.e.d.i.m.StringFieldMapper$TypeParser] The [string] field is deprecated, please use [text] or [keyword] instead on [projectTitle]
[2017-04-30T01:25:35,139][WARN ][o.e.d.i.m.StringFieldMapper$TypeParser] The [string] field is deprecated, please use [text] or [keyword] instead on [projectSubject]
[2017-04-30T01:25:35,139][WARN ][o.e.d.i.m.StringFieldMapper$TypeParser] The [string] field is deprecated, please use [text] or [keyword] instead on [tech]
[2017-04-30T01:25:35,140][WARN ][o.e.d.i.m.StringFieldMapper$TypeParser] The [string] field is deprecated, please use [text] or [keyword] instead on [pType]
[2017-04-30T01:25:35,141][WARN ][o.e.d.i.m.StringFieldMapper$TypeParser] The [string] field is deprecated, please use [text] or [keyword] instead on [projectTitle]
[2017-04-30T01:25:35,141][WARN ][o.e.d.i.m.StringFieldMapper$TypeParser] The [string] field is deprecated, please use [text] or [keyword] instead on [projectSubject]
[2017-04-30T01:25:35,141][WARN ][o.e.d.i.m.StringFieldMapper$TypeParser] The [string] field is deprecated, please use [text] or [keyword] instead on [tech]
[2017-04-30T01:54:04,432][WARN ][o.e.d.i.m.StringFieldMapper$TypeParser] The [string] field is deprecated, please use [text] or [keyword] instead on [pType]
[2017-04-30T01:54:04,432][WARN ][o.e.d.i.m.StringFieldMapper$TypeParser] The [string] field is deprecated, please use [text] or [keyword] instead on [projectTitle]
[2017-04-30T01:54:04,432][WARN ][o.e.d.i.m.StringFieldMapper$TypeParser] The [string] field is deprecated, please use [text] or [keyword] instead on [projectSubject]
[2017-04-30T01:54:04,433][WARN ][o.e.d.i.m.StringFieldMapper$TypeParser] The [string] field is deprecated, please use [text] or [keyword] instead on [tech]
[2017-04-30T01:54:04,435][WARN ][o.e.d.i.m.StringFieldMapper$TypeParser] The [string] field is deprecated, please use [text] or [keyword] instead on [pType]
[2017-04-30T01:54:04,436][WARN ][o.e.d.i.m.StringFieldMapper$TypeParser] The [string] field is deprecated, please use [text] or [keyword] instead on [projectTitle]
[2017-04-30T01:54:04,436][WARN ][o.e.d.i.m.StringFieldMapper$TypeParser] The [string] field is deprecated, please use [text] or [keyword] instead on [projectSubject]
[2017-04-30T01:54:04,436][WARN ][o.e.d.i.m.StringFieldMapper$TypeParser] The [string] field is deprecated, please use [text] or [keyword] instead on [tech]
[2017-04-30T01:54:05,454][WARN ][o.e.d.r.RestController   ] The Content-Type [application/x-ldjson] has been superseded by [application/x-ndjson] in the specification and should be used instead.
[2017-05-16T01:24:12,249][WARN ][o.e.d.i.m.StringFieldMapper$TypeParser] The [string] field is deprecated, please use [text] or [keyword] instead on [pId]
[2017-05-16T01:24:12,272][WARN ][o.e.d.i.m.StringFieldMapper$TypeParser] The [string] field is deprecated, please use [text] or [keyword] instead on [pType]
[2017-05-16T01:24:12,272][WARN ][o.e.d.i.m.StringFieldMapper$TypeParser] The [string] field is deprecated, please use [text] or [keyword] instead on [projectTitle]
[2017-05-16T01:24:12,273][WARN ][o.e.d.i.m.StringFieldMapper$TypeParser] The [string] field is deprecated, please use [text] or [keyword] instead on [projectSubject]
[2017-05-16T01:24:12,273][WARN ][o.e.d.i.m.StringFieldMapper$TypeParser] The [string] field is deprecated, please use [text] or [keyword] instead on [tech]
[2017-05-16T01:24:12,273][WARN ][o.e.d.i.m.StringFieldMapper$TypeParser] The [string] field is deprecated, please use [text] or [keyword] instead on [dbUsed]
[2017-05-16T01:24:12,276][WARN ][o.e.d.i.m.StringFieldMapper$TypeParser] The [string] field is deprecated, please use [text] or [keyword] instead on [pId]
[2017-05-16T01:24:12,276][WARN ][o.e.d.i.m.StringFieldMapper$TypeParser] The [string] field is deprecated, please use [text] or [keyword] instead on [pType]
[2017-05-16T01:24:12,277][WARN ][o.e.d.i.m.StringFieldMapper$TypeParser] The [string] field is deprecated, please use [text] or [keyword] instead on [projectTitle]
[2017-05-16T01:24:12,277][WARN ][o.e.d.i.m.StringFieldMapper$TypeParser] The [string] field is deprecated, please use [text] or [keyword] instead on [projectSubject]
[2017-05-16T01:24:12,277][WARN ][o.e.d.i.m.StringFieldMapper$TypeParser] The [string] field is deprecated, please use [text] or [keyword] instead on [tech]
[2017-05-16T01:24:12,277][WARN ][o.e.d.i.m.StringFieldMapper$TypeParser] The [string] field is deprecated, please use [text] or [keyword] instead on [dbUsed]
[2017-05-16T01:24:13,287][WARN ][o.e.d.r.RestController   ] The Content-Type [application/x-ldjson] has been superseded by [application/x-ndjson] in the specification and should be used instead.
[2017-05-16T01:25:14,204][WARN ][o.e.d.i.m.StringFieldMapper$TypeParser] The [string] field is deprecated, please use [text] or [keyword] instead on [pId]
[2017-05-16T01:25:14,204][WARN ][o.e.d.i.m.StringFieldMapper$TypeParser] The [string] field is deprecated, please use [text] or [keyword] instead on [pType]
[2017-05-16T01:25:14,205][WARN ][o.e.d.i.m.StringFieldMapper$TypeParser] The [string] field is deprecated, please use [text] or [keyword] instead on [projectTitle]
[2017-05-16T01:25:14,205][WARN ][o.e.d.i.m.StringFieldMapper$TypeParser] The [string] field is deprecated, please use [text] or [keyword] instead on [projectSubject]
[2017-05-16T01:25:14,206][WARN ][o.e.d.i.m.StringFieldMapper$TypeParser] The [string] field is deprecated, please use [text] or [keyword] instead on [tech]
[2017-05-16T01:25:14,206][WARN ][o.e.d.i.m.StringFieldMapper$TypeParser] The [string] field is deprecated, please use [text] or [keyword] instead on [dbUsed]
[2017-05-16T01:25:14,208][WARN ][o.e.d.i.m.StringFieldMapper$TypeParser] The [string] field is deprecated, please use [text] or [keyword] instead on [pId]
[2017-05-16T01:25:14,209][WARN ][o.e.d.i.m.StringFieldMapper$TypeParser] The [string] field is deprecated, please use [text] or [keyword] instead on [pType]
[2017-05-16T01:25:14,209][WARN ][o.e.d.i.m.StringFieldMapper$TypeParser] The [string] field is deprecated, please use [text] or [keyword] instead on [projectTitle]
[2017-05-16T01:25:14,209][WARN ][o.e.d.i.m.StringFieldMapper$TypeParser] The [string] field is deprecated, please use [text] or [keyword] instead on [projectSubject]
[2017-05-16T01:25:14,210][WARN ][o.e.d.i.m.StringFieldMapper$TypeParser] The [string] field is deprecated, please use [text] or [keyword] instead on [tech]
[2017-05-16T01:25:14,210][WARN ][o.e.d.i.m.StringFieldMapper$TypeParser] The [string] field is deprecated, please use [text] or [keyword] instead on [dbUsed]
[2017-05-16T01:25:15,226][WARN ][o.e.d.r.RestController   ] The Content-Type [application/x-ldjson] has been superseded by [application/x-ndjson] in the specification and should be used instead.
[2017-05-16T01:25:36,908][WARN ][o.e.d.i.m.StringFieldMapper$TypeParser] The [string] field is deprecated, please use [text] or [keyword] instead on [pId]
[2017-05-16T01:25:36,909][WARN ][o.e.d.i.m.StringFieldMapper$TypeParser] The [string] field is deprecated, please use [text] or [keyword] instead on [pType]
[2017-05-16T01:25:36,909][WARN ][o.e.d.i.m.StringFieldMapper$TypeParser] The [string] field is deprecated, please use [text] or [keyword] instead on [projectTitle]
[2017-05-16T01:25:36,910][WARN ][o.e.d.i.m.StringFieldMapper$TypeParser] The [string] field is deprecated, please use [text] or [keyword] instead on [projectSubject]
[2017-05-16T01:25:36,910][WARN ][o.e.d.i.m.StringFieldMapper$TypeParser] The [string] field is deprecated, please use [text] or [keyword] instead on [tech]
[2017-05-16T01:25:36,910][WARN ][o.e.d.i.m.StringFieldMapper$TypeParser] The [string] field is deprecated, please use [text] or [keyword] instead on [dbUsed]
[2017-05-16T01:25:36,913][WARN ][o.e.d.i.m.StringFieldMapper$TypeParser] The [string] field is deprecated, please use [text] or [keyword] instead on [pId]
[2017-05-16T01:25:36,913][WARN ][o.e.d.i.m.StringFieldMapper$TypeParser] The [string] field is deprecated, please use [text] or [keyword] instead on [pType]
[2017-05-16T01:25:36,913][WARN ][o.e.d.i.m.StringFieldMapper$TypeParser] The [string] field is deprecated, please use [text] or [keyword] instead on [projectTitle]
[2017-05-16T01:25:36,914][WARN ][o.e.d.i.m.StringFieldMapper$TypeParser] The [string] field is deprecated, please use [text] or [keyword] instead on [projectSubject]
[2017-05-16T01:25:36,914][WARN ][o.e.d.i.m.StringFieldMapper$TypeParser] The [string] field is deprecated, please use [text] or [keyword] instead on [tech]
[2017-05-16T01:25:36,914][WARN ][o.e.d.i.m.StringFieldMapper$TypeParser] The [string] field is deprecated, please use [text] or [keyword] instead on [dbUsed]
[2017-05-16T01:25:37,933][WARN ][o.e.d.r.RestController   ] The Content-Type [application/x-ldjson] has been superseded by [application/x-ndjson] in the specification and should be used instead.
[2017-05-16T01:25:46,843][WARN ][o.e.d.i.m.StringFieldMapper$TypeParser] The [string] field is deprecated, please use [text] or [keyword] instead on [pId]
[2017-05-16T01:25:46,844][WARN ][o.e.d.i.m.StringFieldMapper$TypeParser] The [string] field is deprecated, please use [text] or [keyword] instead on [pType]
[2017-05-16T01:25:46,844][WARN ][o.e.d.i.m.StringFieldMapper$TypeParser] The [string] field is deprecated, please use [text] or [keyword] instead on [projectTitle]
[2017-05-16T01:25:46,845][WARN ][o.e.d.i.m.StringFieldMapper$TypeParser] The [string] field is deprecated, please use [text] or [keyword] instead on [projectSubject]
[2017-05-16T01:25:46,845][WARN ][o.e.d.i.m.StringFieldMapper$TypeParser] The [string] field is deprecated, please use [text] or [keyword] instead on [tech]
[2017-05-16T01:25:46,845][WARN ][o.e.d.i.m.StringFieldMapper$TypeParser] The [string] field is deprecated, please use [text] or [keyword] instead on [dbUsed]
[2017-05-16T01:25:46,848][WARN ][o.e.d.i.m.StringFieldMapper$TypeParser] The [string] field is deprecated, please use [text] or [keyword] instead on [pId]
[2017-05-16T01:25:46,848][WARN ][o.e.d.i.m.StringFieldMapper$TypeParser] The [string] field is deprecated, please use [text] or [keyword] instead on [pType]
[2017-05-16T01:25:46,848][WARN ][o.e.d.i.m.StringFieldMapper$TypeParser] The [string] field is deprecated, please use [text] or [keyword] instead on [projectTitle]
[2017-05-16T01:25:46,849][WARN ][o.e.d.i.m.StringFieldMapper$TypeParser] The [string] field is deprecated, please use [text] or [keyword] instead on [projectSubject]
[2017-05-16T01:25:46,849][WARN ][o.e.d.i.m.StringFieldMapper$TypeParser] The [string] field is deprecated, please use [text] or [keyword] instead on [tech]
[2017-05-16T01:25:46,849][WARN ][o.e.d.i.m.StringFieldMapper$TypeParser] The [string] field is deprecated, please use [text] or [keyword] instead on [dbUsed]
[2017-05-16T01:25:47,867][WARN ][o.e.d.r.RestController   ] The Content-Type [application/x-ldjson] has been superseded by [application/x-ndjson] in the specification and should be used instead.
[2017-05-16T01:26:57,721][WARN ][o.e.d.i.m.StringFieldMapper$TypeParser] The [string] field is deprecated, please use [text] or [keyword] instead on [pId]
[2017-05-16T01:26:57,721][WARN ][o.e.d.i.m.StringFieldMapper$TypeParser] The [string] field is deprecated, please use [text] or [keyword] instead on [pType]
[2017-05-16T01:26:57,722][WARN ][o.e.d.i.m.StringFieldMapper$TypeParser] The [string] field is deprecated, please use [text] or [keyword] instead on [projectTitle]
[2017-05-16T01:26:57,722][WARN ][o.e.d.i.m.StringFieldMapper$TypeParser] The [string] field is deprecated, please use [text] or [keyword] instead on [projectSubject]
[2017-05-16T01:26:57,722][WARN ][o.e.d.i.m.StringFieldMapper$TypeParser] The [string] field is deprecated, please use [text] or [keyword] instead on [tech]
[2017-05-16T01:26:57,722][WARN ][o.e.d.i.m.StringFieldMapper$TypeParser] The [string] field is deprecated, please use [text] or [keyword] instead on [dbUsed]
[2017-05-16T01:26:57,725][WARN ][o.e.d.i.m.StringFieldMapper$TypeParser] The [string] field is deprecated, please use [text] or [keyword] instead on [pId]
[2017-05-16T01:26:57,725][WARN ][o.e.d.i.m.StringFieldMapper$TypeParser] The [string] field is deprecated, please use [text] or [keyword] instead on [pType]
[2017-05-16T01:26:57,725][WARN ][o.e.d.i.m.StringFieldMapper$TypeParser] The [string] field is deprecated, please use [text] or [keyword] instead on [projectTitle]
[2017-05-16T01:26:57,726][WARN ][o.e.d.i.m.StringFieldMapper$TypeParser] The [string] field is deprecated, please use [text] or [keyword] instead on [projectSubject]
[2017-05-16T01:26:57,726][WARN ][o.e.d.i.m.StringFieldMapper$TypeParser] The [string] field is deprecated, please use [text] or [keyword] instead on [tech]
[2017-05-16T01:26:57,726][WARN ][o.e.d.i.m.StringFieldMapper$TypeParser] The [string] field is deprecated, please use [text] or [keyword] instead on [dbUsed]
[2017-05-16T01:26:58,753][WARN ][o.e.d.r.RestController   ] The Content-Type [application/x-ldjson] has been superseded by [application/x-ndjson] in the specification and should be used instead.
[2017-05-16T01:27:48,145][WARN ][o.e.d.i.m.StringFieldMapper$TypeParser] The [string] field is deprecated, please use [text] or [keyword] instead on [pId]
[2017-05-16T01:27:48,145][WARN ][o.e.d.i.m.StringFieldMapper$TypeParser] The [string] field is deprecated, please use [text] or [keyword] instead on [pType]
[2017-05-16T01:27:48,145][WARN ][o.e.d.i.m.StringFieldMapper$TypeParser] The [string] field is deprecated, please use [text] or [keyword] instead on [projectTitle]
[2017-05-16T01:27:48,146][WARN ][o.e.d.i.m.StringFieldMapper$TypeParser] The [string] field is deprecated, please use [text] or [keyword] instead on [projectSubject]
[2017-05-16T01:27:48,146][WARN ][o.e.d.i.m.StringFieldMapper$TypeParser] The [string] field is deprecated, please use [text] or [keyword] instead on [tech]
[2017-05-16T01:27:48,146][WARN ][o.e.d.i.m.StringFieldMapper$TypeParser] The [string] field is deprecated, please use [text] or [keyword] instead on [dbUsed]
[2017-05-16T01:27:48,148][WARN ][o.e.d.i.m.StringFieldMapper$TypeParser] The [string] field is deprecated, please use [text] or [keyword] instead on [pId]
[2017-05-16T01:27:48,149][WARN ][o.e.d.i.m.StringFieldMapper$TypeParser] The [string] field is deprecated, please use [text] or [keyword] instead on [pType]
[2017-05-16T01:27:48,149][WARN ][o.e.d.i.m.StringFieldMapper$TypeParser] The [string] field is deprecated, please use [text] or [keyword] instead on [projectTitle]
[2017-05-16T01:27:48,150][WARN ][o.e.d.i.m.StringFieldMapper$TypeParser] The [string] field is deprecated, please use [text] or [keyword] instead on [projectSubject]
[2017-05-16T01:27:48,150][WARN ][o.e.d.i.m.StringFieldMapper$TypeParser] The [string] field is deprecated, please use [text] or [keyword] instead on [tech]
[2017-05-16T01:27:48,151][WARN ][o.e.d.i.m.StringFieldMapper$TypeParser] The [string] field is deprecated, please use [text] or [keyword] instead on [dbUsed]
[2017-05-16T01:27:49,167][WARN ][o.e.d.r.RestController   ] The Content-Type [application/x-ldjson] has been superseded by [application/x-ndjson] in the specification and should be used instead.
[2017-05-16T01:28:05,113][WARN ][o.e.d.i.m.StringFieldMapper$TypeParser] The [string] field is deprecated, please use [text] or [keyword] instead on [pId]
[2017-05-16T01:28:05,113][WARN ][o.e.d.i.m.StringFieldMapper$TypeParser] The [string] field is deprecated, please use [text] or [keyword] instead on [pType]
[2017-05-16T01:28:05,114][WARN ][o.e.d.i.m.StringFieldMapper$TypeParser] The [string] field is deprecated, please use [text] or [keyword] instead on [projectTitle]
[2017-05-16T01:28:05,114][WARN ][o.e.d.i.m.StringFieldMapper$TypeParser] The [string] field is deprecated, please use [text] or [keyword] instead on [projectSubject]
[2017-05-16T01:28:05,114][WARN ][o.e.d.i.m.StringFieldMapper$TypeParser] The [string] field is deprecated, please use [text] or [keyword] instead on [tech]
[2017-05-16T01:28:05,114][WARN ][o.e.d.i.m.StringFieldMapper$TypeParser] The [string] field is deprecated, please use [text] or [keyword] instead on [dbUsed]
[2017-05-16T01:28:05,117][WARN ][o.e.d.i.m.StringFieldMapper$TypeParser] The [string] field is deprecated, please use [text] or [keyword] instead on [pId]
[2017-05-16T01:28:05,117][WARN ][o.e.d.i.m.StringFieldMapper$TypeParser] The [string] field is deprecated, please use [text] or [keyword] instead on [pType]
[2017-05-16T01:28:05,117][WARN ][o.e.d.i.m.StringFieldMapper$TypeParser] The [string] field is deprecated, please use [text] or [keyword] instead on [projectTitle]
[2017-05-16T01:28:05,117][WARN ][o.e.d.i.m.StringFieldMapper$TypeParser] The [string] field is deprecated, please use [text] or [keyword] instead on [projectSubject]
[2017-05-16T01:28:05,118][WARN ][o.e.d.i.m.StringFieldMapper$TypeParser] The [string] field is deprecated, please use [text] or [keyword] instead on [tech]
[2017-05-16T01:28:05,118][WARN ][o.e.d.i.m.StringFieldMapper$TypeParser] The [string] field is deprecated, please use [text] or [keyword] instead on [dbUsed]
[2017-05-16T01:28:06,134][WARN ][o.e.d.r.RestController   ] The Content-Type [application/x-ldjson] has been superseded by [application/x-ndjson] in the specification and should be used instead.
[2017-05-16T01:28:15,146][WARN ][o.e.d.i.m.StringFieldMapper$TypeParser] The [string] field is deprecated, please use [text] or [keyword] instead on [pId]
[2017-05-16T01:28:15,147][WARN ][o.e.d.i.m.StringFieldMapper$TypeParser] The [string] field is deprecated, please use [text] or [keyword] instead on [pType]
[2017-05-16T01:28:15,147][WARN ][o.e.d.i.m.StringFieldMapper$TypeParser] The [string] field is deprecated, please use [text] or [keyword] instead on [projectTitle]
[2017-05-16T01:28:15,147][WARN ][o.e.d.i.m.StringFieldMapper$TypeParser] The [string] field is deprecated, please use [text] or [keyword] instead on [projectSubject]
[2017-05-16T01:28:15,148][WARN ][o.e.d.i.m.StringFieldMapper$TypeParser] The [string] field is deprecated, please use [text] or [keyword] instead on [tech]
[2017-05-16T01:28:15,148][WARN ][o.e.d.i.m.StringFieldMapper$TypeParser] The [string] field is deprecated, please use [text] or [keyword] instead on [dbUsed]
[2017-05-16T01:28:15,150][WARN ][o.e.d.i.m.StringFieldMapper$TypeParser] The [string] field is deprecated, please use [text] or [keyword] instead on [pId]
[2017-05-16T01:28:15,150][WARN ][o.e.d.i.m.StringFieldMapper$TypeParser] The [string] field is deprecated, please use [text] or [keyword] instead on [pType]
[2017-05-16T01:28:15,151][WARN ][o.e.d.i.m.StringFieldMapper$TypeParser] The [string] field is deprecated, please use [text] or [keyword] instead on [projectTitle]
[2017-05-16T01:28:15,151][WARN ][o.e.d.i.m.StringFieldMapper$TypeParser] The [string] field is deprecated, please use [text] or [keyword] instead on [projectSubject]
[2017-05-16T01:28:15,151][WARN ][o.e.d.i.m.StringFieldMapper$TypeParser] The [string] field is deprecated, please use [text] or [keyword] instead on [tech]
[2017-05-16T01:28:15,151][WARN ][o.e.d.i.m.StringFieldMapper$TypeParser] The [string] field is deprecated, please use [text] or [keyword] instead on [dbUsed]
[2017-05-16T01:28:16,172][WARN ][o.e.d.r.RestController   ] The Content-Type [application/x-ldjson] has been superseded by [application/x-ndjson] in the specification and should be used instead.
[2017-05-16T01:31:35,119][WARN ][o.e.d.i.m.StringFieldMapper$TypeParser] The [string] field is deprecated, please use [text] or [keyword] instead on [pId]
[2017-05-16T01:31:35,119][WARN ][o.e.d.i.m.StringFieldMapper$TypeParser] The [string] field is deprecated, please use [text] or [keyword] instead on [pType]
[2017-05-16T01:31:35,119][WARN ][o.e.d.i.m.StringFieldMapper$TypeParser] The [string] field is deprecated, please use [text] or [keyword] instead on [projectTitle]
[2017-05-16T01:31:35,120][WARN ][o.e.d.i.m.StringFieldMapper$TypeParser] The [string] field is deprecated, please use [text] or [keyword] instead on [projectSubject]
[2017-05-16T01:31:35,120][WARN ][o.e.d.i.m.StringFieldMapper$TypeParser] The [string] field is deprecated, please use [text] or [keyword] instead on [tech]
[2017-05-16T01:31:35,120][WARN ][o.e.d.i.m.StringFieldMapper$TypeParser] The [string] field is deprecated, please use [text] or [keyword] instead on [dbUsed]
[2017-05-16T01:31:35,122][WARN ][o.e.d.i.m.StringFieldMapper$TypeParser] The [string] field is deprecated, please use [text] or [keyword] instead on [pId]
[2017-05-16T01:31:35,122][WARN ][o.e.d.i.m.StringFieldMapper$TypeParser] The [string] field is deprecated, please use [text] or [keyword] instead on [pType]
[2017-05-16T01:31:35,123][WARN ][o.e.d.i.m.StringFieldMapper$TypeParser] The [string] field is deprecated, please use [text] or [keyword] instead on [projectTitle]
[2017-05-16T01:31:35,123][WARN ][o.e.d.i.m.StringFieldMapper$TypeParser] The [string] field is deprecated, please use [text] or [keyword] instead on [projectSubject]
[2017-05-16T01:31:35,123][WARN ][o.e.d.i.m.StringFieldMapper$TypeParser] The [string] field is deprecated, please use [text] or [keyword] instead on [tech]
[2017-05-16T01:31:35,123][WARN ][o.e.d.i.m.StringFieldMapper$TypeParser] The [string] field is deprecated, please use [text] or [keyword] instead on [dbUsed]
[2017-05-16T01:31:36,140][WARN ][o.e.d.r.RestController   ] The Content-Type [application/x-ldjson] has been superseded by [application/x-ndjson] in the specification and should be used instead.
[2017-05-16T01:37:56,347][WARN ][o.e.d.i.m.StringFieldMapper$TypeParser] The [string] field is deprecated, please use [text] or [keyword] instead on [pId]
[2017-05-16T01:37:56,347][WARN ][o.e.d.i.m.StringFieldMapper$TypeParser] The [string] field is deprecated, please use [text] or [keyword] instead on [pType]
[2017-05-16T01:37:56,348][WARN ][o.e.d.i.m.StringFieldMapper$TypeParser] The [string] field is deprecated, please use [text] or [keyword] instead on [projectTitle]
[2017-05-16T01:37:56,348][WARN ][o.e.d.i.m.StringFieldMapper$TypeParser] The [string] field is deprecated, please use [text] or [keyword] instead on [projectSubject]
[2017-05-16T01:37:56,348][WARN ][o.e.d.i.m.StringFieldMapper$TypeParser] The [string] field is deprecated, please use [text] or [keyword] instead on [tech]
[2017-05-16T01:37:56,349][WARN ][o.e.d.i.m.StringFieldMapper$TypeParser] The [string] field is deprecated, please use [text] or [keyword] instead on [dbUsed]
[2017-05-16T01:37:56,350][WARN ][o.e.d.i.m.StringFieldMapper$TypeParser] The [string] field is deprecated, please use [text] or [keyword] instead on [pId]
[2017-05-16T01:37:56,351][WARN ][o.e.d.i.m.StringFieldMapper$TypeParser] The [string] field is deprecated, please use [text] or [keyword] instead on [pType]
[2017-05-16T01:37:56,351][WARN ][o.e.d.i.m.StringFieldMapper$TypeParser] The [string] field is deprecated, please use [text] or [keyword] instead on [projectTitle]
[2017-05-16T01:37:56,351][WARN ][o.e.d.i.m.StringFieldMapper$TypeParser] The [string] field is deprecated, please use [text] or [keyword] instead on [projectSubject]
[2017-05-16T01:37:56,351][WARN ][o.e.d.i.m.StringFieldMapper$TypeParser] The [string] field is deprecated, please use [text] or [keyword] instead on [tech]
[2017-05-16T01:37:56,352][WARN ][o.e.d.i.m.StringFieldMapper$TypeParser] The [string] field is deprecated, please use [text] or [keyword] instead on [dbUsed]
[2017-05-16T01:37:57,375][WARN ][o.e.d.r.RestController   ] The Content-Type [application/x-ldjson] has been superseded by [application/x-ndjson] in the specification and should be used instead.
[2017-05-16T01:41:17,811][WARN ][o.e.d.i.m.StringFieldMapper$TypeParser] The [string] field is deprecated, please use [text] or [keyword] instead on [pId]
[2017-05-16T01:41:17,812][WARN ][o.e.d.i.m.StringFieldMapper$TypeParser] The [string] field is deprecated, please use [text] or [keyword] instead on [pType]
[2017-05-16T01:41:17,812][WARN ][o.e.d.i.m.StringFieldMapper$TypeParser] The [string] field is deprecated, please use [text] or [keyword] instead on [projectTitle]
[2017-05-16T01:41:17,812][WARN ][o.e.d.i.m.StringFieldMapper$TypeParser] The [string] field is deprecated, please use [text] or [keyword] instead on [projectSubject]
[2017-05-16T01:41:17,812][WARN ][o.e.d.i.m.StringFieldMapper$TypeParser] The [string] field is deprecated, please use [text] or [keyword] instead on [tech]
[2017-05-16T01:41:17,812][WARN ][o.e.d.i.m.StringFieldMapper$TypeParser] The [string] field is deprecated, please use [text] or [keyword] instead on [dbUsed]
[2017-05-16T01:41:17,814][WARN ][o.e.d.i.m.StringFieldMapper$TypeParser] The [string] field is deprecated, please use [text] or [keyword] instead on [pId]
[2017-05-16T01:41:17,815][WARN ][o.e.d.i.m.StringFieldMapper$TypeParser] The [string] field is deprecated, please use [text] or [keyword] instead on [pType]
[2017-05-16T01:41:17,815][WARN ][o.e.d.i.m.StringFieldMapper$TypeParser] The [string] field is deprecated, please use [text] or [keyword] instead on [projectTitle]
[2017-05-16T01:41:17,815][WARN ][o.e.d.i.m.StringFieldMapper$TypeParser] The [string] field is deprecated, please use [text] or [keyword] instead on [projectSubject]
[2017-05-16T01:41:17,815][WARN ][o.e.d.i.m.StringFieldMapper$TypeParser] The [string] field is deprecated, please use [text] or [keyword] instead on [tech]
[2017-05-16T01:41:17,816][WARN ][o.e.d.i.m.StringFieldMapper$TypeParser] The [string] field is deprecated, please use [text] or [keyword] instead on [dbUsed]
[2017-05-16T01:41:18,827][WARN ][o.e.d.r.RestController   ] The Content-Type [application/x-ldjson] has been superseded by [application/x-ndjson] in the specification and should be used instead.
[2017-05-16T01:42:02,040][WARN ][o.e.d.i.m.StringFieldMapper$TypeParser] The [string] field is deprecated, please use [text] or [keyword] instead on [pId]
[2017-05-16T01:42:02,040][WARN ][o.e.d.i.m.StringFieldMapper$TypeParser] The [string] field is deprecated, please use [text] or [keyword] instead on [pType]
[2017-05-16T01:42:02,040][WARN ][o.e.d.i.m.StringFieldMapper$TypeParser] The [string] field is deprecated, please use [text] or [keyword] instead on [projectTitle]
[2017-05-16T01:42:02,041][WARN ][o.e.d.i.m.StringFieldMapper$TypeParser] The [string] field is deprecated, please use [text] or [keyword] instead on [projectSubject]
[2017-05-16T01:42:02,041][WARN ][o.e.d.i.m.StringFieldMapper$TypeParser] The [string] field is deprecated, please use [text] or [keyword] instead on [tech]
[2017-05-16T01:42:02,041][WARN ][o.e.d.i.m.StringFieldMapper$TypeParser] The [string] field is deprecated, please use [text] or [keyword] instead on [dbUsed]
[2017-05-16T01:42:02,043][WARN ][o.e.d.i.m.StringFieldMapper$TypeParser] The [string] field is deprecated, please use [text] or [keyword] instead on [pId]
[2017-05-16T01:42:02,043][WARN ][o.e.d.i.m.StringFieldMapper$TypeParser] The [string] field is deprecated, please use [text] or [keyword] instead on [pType]
[2017-05-16T01:42:02,044][WARN ][o.e.d.i.m.StringFieldMapper$TypeParser] The [string] field is deprecated, please use [text] or [keyword] instead on [projectTitle]
[2017-05-16T01:42:02,044][WARN ][o.e.d.i.m.StringFieldMapper$TypeParser] The [string] field is deprecated, please use [text] or [keyword] instead on [projectSubject]
[2017-05-16T01:42:02,044][WARN ][o.e.d.i.m.StringFieldMapper$TypeParser] The [string] field is deprecated, please use [text] or [keyword] instead on [tech]
[2017-05-16T01:42:02,044][WARN ][o.e.d.i.m.StringFieldMapper$TypeParser] The [string] field is deprecated, please use [text] or [keyword] instead on [dbUsed]
[2017-05-16T01:42:03,064][WARN ][o.e.d.r.RestController   ] The Content-Type [application/x-ldjson] has been superseded by [application/x-ndjson] in the specification and should be used instead.
[2017-05-16T01:42:27,333][WARN ][o.e.d.i.m.StringFieldMapper$TypeParser] The [string] field is deprecated, please use [text] or [keyword] instead on [pId]
[2017-05-16T01:42:27,333][WARN ][o.e.d.i.m.StringFieldMapper$TypeParser] The [string] field is deprecated, please use [text] or [keyword] instead on [pType]
[2017-05-16T01:42:27,333][WARN ][o.e.d.i.m.StringFieldMapper$TypeParser] The [string] field is deprecated, please use [text] or [keyword] instead on [projectTitle]
[2017-05-16T01:42:27,334][WARN ][o.e.d.i.m.StringFieldMapper$TypeParser] The [string] field is deprecated, please use [text] or [keyword] instead on [projectSubject]
[2017-05-16T01:42:27,334][WARN ][o.e.d.i.m.StringFieldMapper$TypeParser] The [string] field is deprecated, please use [text] or [keyword] instead on [tech]
[2017-05-16T01:42:27,334][WARN ][o.e.d.i.m.StringFieldMapper$TypeParser] The [string] field is deprecated, please use [text] or [keyword] instead on [dbUsed]
[2017-05-16T01:42:27,336][WARN ][o.e.d.i.m.StringFieldMapper$TypeParser] The [string] field is deprecated, please use [text] or [keyword] instead on [pId]
[2017-05-16T01:42:27,337][WARN ][o.e.d.i.m.StringFieldMapper$TypeParser] The [string] field is deprecated, please use [text] or [keyword] instead on [pType]
[2017-05-16T01:42:27,338][WARN ][o.e.d.i.m.StringFieldMapper$TypeParser] The [string] field is deprecated, please use [text] or [keyword] instead on [projectTitle]
[2017-05-16T01:42:27,339][WARN ][o.e.d.i.m.StringFieldMapper$TypeParser] The [string] field is deprecated, please use [text] or [keyword] instead on [projectSubject]
[2017-05-16T01:42:27,339][WARN ][o.e.d.i.m.StringFieldMapper$TypeParser] The [string] field is deprecated, please use [text] or [keyword] instead on [tech]
[2017-05-16T01:42:27,340][WARN ][o.e.d.i.m.StringFieldMapper$TypeParser] The [string] field is deprecated, please use [text] or [keyword] instead on [dbUsed]
[2017-05-16T01:42:28,366][WARN ][o.e.d.r.RestController   ] The Content-Type [application/x-ldjson] has been superseded by [application/x-ndjson] in the specification and should be used instead.
[2017-05-16T01:43:30,548][WARN ][o.e.d.i.m.StringFieldMapper$TypeParser] The [string] field is deprecated, please use [text] or [keyword] instead on [pId]
[2017-05-16T01:43:30,549][WARN ][o.e.d.i.m.StringFieldMapper$TypeParser] The [string] field is deprecated, please use [text] or [keyword] instead on [pType]
[2017-05-16T01:43:30,549][WARN ][o.e.d.i.m.StringFieldMapper$TypeParser] The [string] field is deprecated, please use [text] or [keyword] instead on [projectTitle]
[2017-05-16T01:43:30,549][WARN ][o.e.d.i.m.StringFieldMapper$TypeParser] The [string] field is deprecated, please use [text] or [keyword] instead on [projectSubject]
[2017-05-16T01:43:30,549][WARN ][o.e.d.i.m.StringFieldMapper$TypeParser] The [string] field is deprecated, please use [text] or [keyword] instead on [tech]
[2017-05-16T01:43:30,550][WARN ][o.e.d.i.m.StringFieldMapper$TypeParser] The [string] field is deprecated, please use [text] or [keyword] instead on [dbUsed]
[2017-05-16T01:43:30,551][WARN ][o.e.d.i.m.StringFieldMapper$TypeParser] The [string] field is deprecated, please use [text] or [keyword] instead on [pId]
[2017-05-16T01:43:30,552][WARN ][o.e.d.i.m.StringFieldMapper$TypeParser] The [string] field is deprecated, please use [text] or [keyword] instead on [pType]
[2017-05-16T01:43:30,552][WARN ][o.e.d.i.m.StringFieldMapper$TypeParser] The [string] field is deprecated, please use [text] or [keyword] instead on [projectTitle]
[2017-05-16T01:43:30,553][WARN ][o.e.d.i.m.StringFieldMapper$TypeParser] The [string] field is deprecated, please use [text] or [keyword] instead on [projectSubject]
[2017-05-16T01:43:30,553][WARN ][o.e.d.i.m.StringFieldMapper$TypeParser] The [string] field is deprecated, please use [text] or [keyword] instead on [tech]
[2017-05-16T01:43:30,554][WARN ][o.e.d.i.m.StringFieldMapper$TypeParser] The [string] field is deprecated, please use [text] or [keyword] instead on [dbUsed]
[2017-05-16T01:43:31,573][WARN ][o.e.d.r.RestController   ] The Content-Type [application/x-ldjson] has been superseded by [application/x-ndjson] in the specification and should be used instead.
[2017-05-16T01:44:47,708][WARN ][o.e.d.i.m.StringFieldMapper$TypeParser] The [string] field is deprecated, please use [text] or [keyword] instead on [pId]
[2017-05-16T01:44:47,710][WARN ][o.e.d.i.m.StringFieldMapper$TypeParser] The [string] field is deprecated, please use [text] or [keyword] instead on [pType]
[2017-05-16T01:44:47,710][WARN ][o.e.d.i.m.StringFieldMapper$TypeParser] The [string] field is deprecated, please use [text] or [keyword] instead on [projectTitle]
[2017-05-16T01:44:47,710][WARN ][o.e.d.i.m.StringFieldMapper$TypeParser] The [string] field is deprecated, please use [text] or [keyword] instead on [projectSubject]
[2017-05-16T01:44:47,711][WARN ][o.e.d.i.m.StringFieldMapper$TypeParser] The [string] field is deprecated, please use [text] or [keyword] instead on [tech]
[2017-05-16T01:44:47,711][WARN ][o.e.d.i.m.StringFieldMapper$TypeParser] The [string] field is deprecated, please use [text] or [keyword] instead on [dbUsed]
[2017-05-16T01:44:47,713][WARN ][o.e.d.i.m.StringFieldMapper$TypeParser] The [string] field is deprecated, please use [text] or [keyword] instead on [pId]
[2017-05-16T01:44:47,713][WARN ][o.e.d.i.m.StringFieldMapper$TypeParser] The [string] field is deprecated, please use [text] or [keyword] instead on [pType]
[2017-05-16T01:44:47,714][WARN ][o.e.d.i.m.StringFieldMapper$TypeParser] The [string] field is deprecated, please use [text] or [keyword] instead on [projectTitle]
[2017-05-16T01:44:47,714][WARN ][o.e.d.i.m.StringFieldMapper$TypeParser] The [string] field is deprecated, please use [text] or [keyword] instead on [projectSubject]
[2017-05-16T01:44:47,714][WARN ][o.e.d.i.m.StringFieldMapper$TypeParser] The [string] field is deprecated, please use [text] or [keyword] instead on [tech]
[2017-05-16T01:44:47,715][WARN ][o.e.d.i.m.StringFieldMapper$TypeParser] The [string] field is deprecated, please use [text] or [keyword] instead on [dbUsed]
[2017-05-16T01:44:48,738][WARN ][o.e.d.r.RestController   ] The Content-Type [application/x-ldjson] has been superseded by [application/x-ndjson] in the specification and should be used instead.
